#######################
Optimizing for link packets_per_ms in [1.000000, 2.000000]
Optimizing for buffer size in link in [10, 40]
Optimizing for rtt_ms in [100.000000, 200.000000]
Optimizing for num_senders = 1-16
Optimizing for mean_on_duration = 5000.000000, mean_off_duration = 5000.000000
Initial rules (use if=FILENAME to read from disk): [{(lo=<sewma=0.000000, rewma=0.000000, rttr=0.000000, slowrewma=0.000000>, hi=<sewma=163840.000000, rewma=163840.000000, rttr=163840.000000, slowrewma=163840.000000>)} gen=0 usage=-nan => (win=1 + 1.000000 * win, intersend=3.000000)]
#######################
Writing to "with_loss.N".
run = 0, score = -0.326486
whiskers: [{(lo=<sewma=0.000000, rewma=0.000000, rttr=0.000000, slowrewma=0.000000>, hi=<sewma=8.134236, rewma=8.143908, rttr=1.022391, slowrewma=6.741089>)} gen=5 usage=0.1402 => (win=3 + 0.840000 * win, intersend=2.950000)][{(lo=<sewma=0.000000, rewma=0.000000, rttr=0.000000, slowrewma=6.741089>, hi=<sewma=8.134236, rewma=8.143908, rttr=1.022391, slowrewma=163840.000000>)} gen=5 usage=0.1194 => (win=3 + 0.840000 * win, intersend=2.950000)][{(lo=<sewma=0.000000, rewma=0.000000, rttr=1.022391, slowrewma=0.000000>, hi=<sewma=8.134236, rewma=8.143908, rttr=163840.000000, slowrewma=6.741089>)} gen=5 usage=0.1064 => (win=3 + 0.840000 * win, intersend=2.950000)][{(lo=<sewma=0.000000, rewma=0.000000, rttr=1.022391, slowrewma=6.741089>, hi=<sewma=8.134236, rewma=8.143908, rttr=163840.000000, slowrewma=163840.000000>)} gen=5 usage=0.1079 => (win=3 + 0.840000 * win, intersend=2.950000)][{(lo=<sewma=0.000000, rewma=8.143908, rttr=0.000000, slowrewma=0.000000>, hi=<sewma=8.134236, rewma=163840.000000, rttr=1.022391, slowrewma=6.741089>)} gen=5 usage=0.0002 => (win=3 + 0.840000 * win, intersend=2.950000)][{(lo=<sewma=0.000000, rewma=8.143908, rttr=0.000000, slowrewma=6.741089>, hi=<sewma=8.134236, rewma=163840.000000, rttr=1.022391, slowrewma=163840.000000>)} gen=5 usage=0.0002 => (win=3 + 0.840000 * win, intersend=2.950000)][{(lo=<sewma=0.000000, rewma=8.143908, rttr=1.022391, slowrewma=0.000000>, hi=<sewma=8.134236, rewma=163840.000000, rttr=163840.000000, slowrewma=6.741089>)} gen=5 usage=0.0053 => (win=3 + 0.840000 * win, intersend=2.950000)][{(lo=<sewma=0.000000, rewma=8.143908, rttr=1.022391, slowrewma=6.741089>, hi=<sewma=8.134236, rewma=163840.000000, rttr=163840.000000, slowrewma=163840.000000>)} gen=5 usage=0.0063 => (win=3 + 0.840000 * win, intersend=2.950000)][{(lo=<sewma=8.134236, rewma=0.000000, rttr=0.000000, slowrewma=0.000000>, hi=<sewma=163840.000000, rewma=8.143908, rttr=1.022391, slowrewma=6.741089>)} gen=5 usage=0.0027 => (win=3 + 0.840000 * win, intersend=2.950000)][{(lo=<sewma=8.134236, rewma=0.000000, rttr=0.000000, slowrewma=6.741089>, hi=<sewma=163840.000000, rewma=8.143908, rttr=1.022391, slowrewma=163840.000000>)} gen=5 usage=0.0027 => (win=3 + 0.840000 * win, intersend=2.950000)][{(lo=<sewma=8.134236, rewma=0.000000, rttr=1.022391, slowrewma=0.000000>, hi=<sewma=163840.000000, rewma=8.143908, rttr=163840.000000, slowrewma=6.741089>)} gen=5 usage=0.0020 => (win=3 + 0.840000 * win, intersend=2.950000)][{(lo=<sewma=8.134236, rewma=0.000000, rttr=1.022391, slowrewma=6.741089>, hi=<sewma=163840.000000, rewma=8.143908, rttr=163840.000000, slowrewma=163840.000000>)} gen=5 usage=0.0046 => (win=3 + 0.840000 * win, intersend=2.950000)][{(lo=<sewma=8.134236, rewma=8.143908, rttr=0.000000, slowrewma=0.000000>, hi=<sewma=163840.000000, rewma=163840.000000, rttr=1.022391, slowrewma=6.741089>)} gen=5 usage=0.1004 => (win=3 + 0.840000 * win, intersend=2.950000)][{(lo=<sewma=8.134236, rewma=8.143908, rttr=0.000000, slowrewma=6.741089>, hi=<sewma=163840.000000, rewma=163840.000000, rttr=1.022391, slowrewma=163840.000000>)} gen=5 usage=0.0787 => (win=3 + 0.840000 * win, intersend=2.950000)][{(lo=<sewma=8.134236, rewma=8.143908, rttr=1.022391, slowrewma=0.000000>, hi=<sewma=163840.000000, rewma=163840.000000, rttr=163840.000000, slowrewma=6.741089>)} gen=5 usage=0.1295 => (win=3 + 0.840000 * win, intersend=2.950000)][{(lo=<sewma=8.134236, rewma=8.143908, rttr=1.022391, slowrewma=6.741089>, hi=<sewma=163840.000000, rewma=163840.000000, rttr=163840.000000, slowrewma=163840.000000>)} gen=5 usage=0.1935 => (win=3 + 0.840000 * win, intersend=2.950000)]
===
config: mean_on=5000.000000, mean_off=5000.000000, nsrc=16, link_ppt=1.000000, delay=100.000000, link_limit=4294967295

sender: [tp=0.900236, del=1.130172]
sender: [tp=0.906331, del=1.129545]
sender: [tp=0.901263, del=1.129254]
sender: [tp=0.904139, del=1.131680]
sender: [tp=0.904787, del=1.134489]
sender: [tp=0.898126, del=1.130216]
sender: [tp=0.902197, del=1.127551]
sender: [tp=0.899556, del=1.129612]
sender: [tp=0.903816, del=1.133179]
sender: [tp=0.898159, del=1.128613]
sender: [tp=0.897391, del=1.132976]
sender: [tp=0.898085, del=1.128526]
sender: [tp=0.898437, del=1.128958]
sender: [tp=0.903267, del=1.132343]
sender: [tp=0.903996, del=1.131253]
sender: [tp=0.903971, del=1.128316]
#######################
Optimizing for link packets_per_ms in [1.000000, 2.000000]
Optimizing for buffer size in link in [10, 40]
Optimizing for rtt_ms in [100.000000, 200.000000]
Optimizing for num_senders = 1-16
Optimizing for mean_on_duration = 5000.000000, mean_off_duration = 5000.000000
Initial rules (use if=FILENAME to read from disk): [{(lo=<sewma=0.000000, rewma=0.000000, rttr=0.000000, slowrewma=0.000000>, hi=<sewma=8.134236, rewma=8.143908, rttr=1.022391, slowrewma=6.741089>)} gen=0 usage=-nan => (win=3 + 0.840000 * win, intersend=2.950000)][{(lo=<sewma=0.000000, rewma=0.000000, rttr=0.000000, slowrewma=6.741089>, hi=<sewma=8.134236, rewma=8.143908, rttr=1.022391, slowrewma=163840.000000>)} gen=0 usage=-nan => (win=3 + 0.840000 * win, intersend=2.950000)][{(lo=<sewma=0.000000, rewma=0.000000, rttr=1.022391, slowrewma=0.000000>, hi=<sewma=8.134236, rewma=8.143908, rttr=163840.000000, slowrewma=6.741089>)} gen=0 usage=-nan => (win=3 + 0.840000 * win, intersend=2.950000)][{(lo=<sewma=0.000000, rewma=0.000000, rttr=1.022391, slowrewma=6.741089>, hi=<sewma=8.134236, rewma=8.143908, rttr=163840.000000, slowrewma=163840.000000>)} gen=0 usage=-nan => (win=3 + 0.840000 * win, intersend=2.950000)][{(lo=<sewma=0.000000, rewma=8.143908, rttr=0.000000, slowrewma=0.000000>, hi=<sewma=8.134236, rewma=163840.000000, rttr=1.022391, slowrewma=6.741089>)} gen=0 usage=-nan => (win=3 + 0.840000 * win, intersend=2.950000)][{(lo=<sewma=0.000000, rewma=8.143908, rttr=0.000000, slowrewma=6.741089>, hi=<sewma=8.134236, rewma=163840.000000, rttr=1.022391, slowrewma=163840.000000>)} gen=0 usage=-nan => (win=3 + 0.840000 * win, intersend=2.950000)][{(lo=<sewma=0.000000, rewma=8.143908, rttr=1.022391, slowrewma=0.000000>, hi=<sewma=8.134236, rewma=163840.000000, rttr=163840.000000, slowrewma=6.741089>)} gen=0 usage=-nan => (win=3 + 0.840000 * win, intersend=2.950000)][{(lo=<sewma=0.000000, rewma=8.143908, rttr=1.022391, slowrewma=6.741089>, hi=<sewma=8.134236, rewma=163840.000000, rttr=163840.000000, slowrewma=163840.000000>)} gen=0 usage=-nan => (win=3 + 0.840000 * win, intersend=2.950000)][{(lo=<sewma=8.134236, rewma=0.000000, rttr=0.000000, slowrewma=0.000000>, hi=<sewma=163840.000000, rewma=8.143908, rttr=1.022391, slowrewma=6.741089>)} gen=0 usage=-nan => (win=3 + 0.840000 * win, intersend=2.950000)][{(lo=<sewma=8.134236, rewma=0.000000, rttr=0.000000, slowrewma=6.741089>, hi=<sewma=163840.000000, rewma=8.143908, rttr=1.022391, slowrewma=163840.000000>)} gen=0 usage=-nan => (win=3 + 0.840000 * win, intersend=2.950000)][{(lo=<sewma=8.134236, rewma=0.000000, rttr=1.022391, slowrewma=0.000000>, hi=<sewma=163840.000000, rewma=8.143908, rttr=163840.000000, slowrewma=6.741089>)} gen=0 usage=-nan => (win=3 + 0.840000 * win, intersend=2.950000)][{(lo=<sewma=8.134236, rewma=0.000000, rttr=1.022391, slowrewma=6.741089>, hi=<sewma=163840.000000, rewma=8.143908, rttr=163840.000000, slowrewma=163840.000000>)} gen=0 usage=-nan => (win=3 + 0.840000 * win, intersend=2.950000)][{(lo=<sewma=8.134236, rewma=8.143908, rttr=0.000000, slowrewma=0.000000>, hi=<sewma=163840.000000, rewma=163840.000000, rttr=1.022391, slowrewma=6.741089>)} gen=0 usage=-nan => (win=3 + 0.840000 * win, intersend=2.950000)][{(lo=<sewma=8.134236, rewma=8.143908, rttr=0.000000, slowrewma=6.741089>, hi=<sewma=163840.000000, rewma=163840.000000, rttr=1.022391, slowrewma=163840.000000>)} gen=0 usage=-nan => (win=3 + 0.840000 * win, intersend=2.950000)][{(lo=<sewma=8.134236, rewma=8.143908, rttr=1.022391, slowrewma=0.000000>, hi=<sewma=163840.000000, rewma=163840.000000, rttr=163840.000000, slowrewma=6.741089>)} gen=0 usage=-nan => (win=3 + 0.840000 * win, intersend=2.950000)][{(lo=<sewma=8.134236, rewma=8.143908, rttr=1.022391, slowrewma=6.741089>, hi=<sewma=163840.000000, rewma=163840.000000, rttr=163840.000000, slowrewma=163840.000000>)} gen=0 usage=-nan => (win=3 + 0.840000 * win, intersend=2.950000)]
#######################
Writing to "with_loss.N".
run = 0, score = -0.188272
whiskers: [{(lo=<sewma=0.000000, rewma=0.000000, rttr=0.000000, slowrewma=0.000000>, hi=<sewma=8.134236, rewma=8.143908, rttr=1.022391, slowrewma=6.741089>)} gen=5 usage=0.2482 => (win=3 + 0.870000 * win, intersend=2.750000)][{(lo=<sewma=0.000000, rewma=0.000000, rttr=0.000000, slowrewma=6.741089>, hi=<sewma=8.134236, rewma=8.143908, rttr=1.022391, slowrewma=163840.000000>)} gen=5 usage=0.0234 => (win=6 + 0.770000 * win, intersend=2.850000)][{(lo=<sewma=0.000000, rewma=0.000000, rttr=1.022391, slowrewma=0.000000>, hi=<sewma=5.653748, rewma=5.773230, rttr=1.076731, slowrewma=5.418384>)} gen=5 usage=0.0453 => (win=2 + 0.900000 * win, intersend=2.550000)][{(lo=<sewma=0.000000, rewma=0.000000, rttr=1.022391, slowrewma=5.418384>, hi=<sewma=5.653748, rewma=5.773230, rttr=1.076731, slowrewma=6.741089>)} gen=5 usage=0.0432 => (win=2 + 0.900000 * win, intersend=2.550000)][{(lo=<sewma=0.000000, rewma=0.000000, rttr=1.076731, slowrewma=0.000000>, hi=<sewma=5.653748, rewma=5.773230, rttr=163840.000000, slowrewma=5.418384>)} gen=5 usage=0.0347 => (win=2 + 0.900000 * win, intersend=2.550000)][{(lo=<sewma=0.000000, rewma=0.000000, rttr=1.076731, slowrewma=5.418384>, hi=<sewma=5.653748, rewma=5.773230, rttr=163840.000000, slowrewma=6.741089>)} gen=5 usage=0.0348 => (win=2 + 0.900000 * win, intersend=2.550000)][{(lo=<sewma=0.000000, rewma=5.773230, rttr=1.022391, slowrewma=0.000000>, hi=<sewma=5.653748, rewma=8.143908, rttr=1.076731, slowrewma=5.418384>)} gen=5 usage=0.0012 => (win=2 + 0.900000 * win, intersend=2.550000)][{(lo=<sewma=0.000000, rewma=5.773230, rttr=1.022391, slowrewma=5.418384>, hi=<sewma=5.653748, rewma=8.143908, rttr=1.076731, slowrewma=6.741089>)} gen=5 usage=0.0014 => (win=2 + 0.900000 * win, intersend=2.550000)][{(lo=<sewma=0.000000, rewma=5.773230, rttr=1.076731, slowrewma=0.000000>, hi=<sewma=5.653748, rewma=8.143908, rttr=163840.000000, slowrewma=5.418384>)} gen=5 usage=0.0046 => (win=2 + 0.900000 * win, intersend=2.550000)][{(lo=<sewma=0.000000, rewma=5.773230, rttr=1.076731, slowrewma=5.418384>, hi=<sewma=5.653748, rewma=8.143908, rttr=163840.000000, slowrewma=6.741089>)} gen=5 usage=0.0050 => (win=2 + 0.900000 * win, intersend=2.550000)][{(lo=<sewma=5.653748, rewma=0.000000, rttr=1.022391, slowrewma=0.000000>, hi=<sewma=8.134236, rewma=5.773230, rttr=1.076731, slowrewma=5.418384>)} gen=5 usage=0.0033 => (win=2 + 0.900000 * win, intersend=2.550000)][{(lo=<sewma=5.653748, rewma=0.000000, rttr=1.022391, slowrewma=5.418384>, hi=<sewma=8.134236, rewma=5.773230, rttr=1.076731, slowrewma=6.741089>)} gen=5 usage=0.0037 => (win=2 + 0.900000 * win, intersend=2.550000)][{(lo=<sewma=5.653748, rewma=0.000000, rttr=1.076731, slowrewma=0.000000>, hi=<sewma=8.134236, rewma=5.773230, rttr=163840.000000, slowrewma=5.418384>)} gen=5 usage=0.0021 => (win=2 + 0.900000 * win, intersend=2.550000)][{(lo=<sewma=5.653748, rewma=0.000000, rttr=1.076731, slowrewma=5.418384>, hi=<sewma=8.134236, rewma=5.773230, rttr=163840.000000, slowrewma=6.741089>)} gen=5 usage=0.0027 => (win=2 + 0.900000 * win, intersend=2.550000)][{(lo=<sewma=5.653748, rewma=5.773230, rttr=1.022391, slowrewma=0.000000>, hi=<sewma=8.134236, rewma=8.143908, rttr=1.076731, slowrewma=5.418384>)} gen=5 usage=0.0399 => (win=2 + 0.900000 * win, intersend=2.550000)][{(lo=<sewma=5.653748, rewma=5.773230, rttr=1.022391, slowrewma=5.418384>, hi=<sewma=8.134236, rewma=8.143908, rttr=1.076731, slowrewma=6.741089>)} gen=5 usage=0.0345 => (win=2 + 0.900000 * win, intersend=2.550000)][{(lo=<sewma=5.653748, rewma=5.773230, rttr=1.076731, slowrewma=0.000000>, hi=<sewma=8.134236, rewma=8.143908, rttr=163840.000000, slowrewma=5.418384>)} gen=5 usage=0.0404 => (win=2 + 0.900000 * win, intersend=2.550000)][{(lo=<sewma=5.653748, rewma=5.773230, rttr=1.076731, slowrewma=5.418384>, hi=<sewma=8.134236, rewma=8.143908, rttr=163840.000000, slowrewma=6.741089>)} gen=5 usage=0.0419 => (win=2 + 0.900000 * win, intersend=2.550000)][{(lo=<sewma=0.000000, rewma=0.000000, rttr=1.022391, slowrewma=6.741089>, hi=<sewma=8.134236, rewma=8.143908, rttr=163840.000000, slowrewma=163840.000000>)} gen=5 usage=0.0414 => (win=3 + 0.860000 * win, intersend=2.699900)][{(lo=<sewma=0.000000, rewma=8.143908, rttr=0.000000, slowrewma=0.000000>, hi=<sewma=8.134236, rewma=163840.000000, rttr=1.022391, slowrewma=6.741089>)} gen=5 usage=0.0002 => (win=13 + 0.730000 * win, intersend=1.500000)][{(lo=<sewma=0.000000, rewma=8.143908, rttr=0.000000, slowrewma=6.741089>, hi=<sewma=8.134236, rewma=163840.000000, rttr=1.022391, slowrewma=163840.000000>)} gen=5 usage=0.0000 => (win=3 + 0.850000 * win, intersend=2.899900)][{(lo=<sewma=0.000000, rewma=8.143908, rttr=1.022391, slowrewma=0.000000>, hi=<sewma=8.134236, rewma=163840.000000, rttr=163840.000000, slowrewma=6.741089>)} gen=5 usage=0.0119 => (win=1 + 0.960000 * win, intersend=1.200000)][{(lo=<sewma=0.000000, rewma=8.143908, rttr=1.022391, slowrewma=6.741089>, hi=<sewma=8.134236, rewma=163840.000000, rttr=163840.000000, slowrewma=163840.000000>)} gen=5 usage=0.0016 => (win=4 + 0.850000 * win, intersend=2.850000)][{(lo=<sewma=8.134236, rewma=0.000000, rttr=0.000000, slowrewma=0.000000>, hi=<sewma=163840.000000, rewma=8.143908, rttr=1.022391, slowrewma=6.741089>)} gen=5 usage=0.0087 => (win=3 + 0.910000 * win, intersend=2.000000)][{(lo=<sewma=8.134236, rewma=0.000000, rttr=0.000000, slowrewma=6.741089>, hi=<sewma=163840.000000, rewma=8.143908, rttr=1.022391, slowrewma=163840.000000>)} gen=5 usage=0.0010 => (win=2 + 0.750000 * win, intersend=1.550000)][{(lo=<sewma=8.134236, rewma=0.000000, rttr=1.022391, slowrewma=0.000000>, hi=<sewma=163840.000000, rewma=8.143908, rttr=163840.000000, slowrewma=6.741089>)} gen=5 usage=0.0059 => (win=1 + 0.900000 * win, intersend=2.750000)][{(lo=<sewma=8.134236, rewma=0.000000, rttr=1.022391, slowrewma=6.741089>, hi=<sewma=163840.000000, rewma=8.143908, rttr=163840.000000, slowrewma=163840.000000>)} gen=5 usage=0.0006 => (win=7 + 0.680000 * win, intersend=2.950000)][{(lo=<sewma=8.134236, rewma=8.143908, rttr=0.000000, slowrewma=0.000000>, hi=<sewma=163840.000000, rewma=163840.000000, rttr=1.022391, slowrewma=6.741089>)} gen=5 usage=0.0800 => (win=0 + 1.000000 * win, intersend=0.399700)][{(lo=<sewma=8.134236, rewma=8.143908, rttr=0.000000, slowrewma=6.741089>, hi=<sewma=163840.000000, rewma=163840.000000, rttr=1.022391, slowrewma=163840.000000>)} gen=5 usage=0.0307 => (win=2 + 0.910000 * win, intersend=2.500000)][{(lo=<sewma=8.134236, rewma=8.143908, rttr=1.022391, slowrewma=0.000000>, hi=<sewma=163840.000000, rewma=163840.000000, rttr=163840.000000, slowrewma=6.741089>)} gen=5 usage=0.1593 => (win=2 + 0.870000 * win, intersend=0.650000)][{(lo=<sewma=8.134236, rewma=8.143908, rttr=1.022391, slowrewma=6.741089>, hi=<sewma=163840.000000, rewma=163840.000000, rttr=163840.000000, slowrewma=163840.000000>)} gen=5 usage=0.0487 => (win=1 + 0.580000 * win, intersend=1.600000)]
===
config: mean_on=5000.000000, mean_off=5000.000000, nsrc=16, link_ppt=1.000000, delay=100.000000, link_limit=4294967295

sender: [tp=0.937132, del=1.074255]
sender: [tp=0.928455, del=1.073738]
sender: [tp=0.940051, del=1.073057]
sender: [tp=0.952265, del=1.073927]
sender: [tp=0.939300, del=1.074696]
sender: [tp=0.950221, del=1.074679]
sender: [tp=0.956647, del=1.074481]
sender: [tp=0.933336, del=1.074879]
sender: [tp=0.942538, del=1.074370]
sender: [tp=0.950117, del=1.073508]
sender: [tp=0.949822, del=1.074555]
sender: [tp=0.947576, del=1.074400]
sender: [tp=0.944972, del=1.073343]
sender: [tp=0.930873, del=1.073973]
sender: [tp=0.940649, del=1.074979]
sender: [tp=0.939687, del=1.072854]
